Build started 14/05/2012 7:24:48 PM.
     1>Project "c:\Users\Daylend\documents\visual studio 2010\Projects\Hello world\Hello world\Hello world.vcxproj" on node 2 (build target(s)).
     1>InitializeBuildStatus:
         Touching "Debug\Hello world.unsuccessfulbuild".
       ClCompile:
         C:\Program Files (x86)\Microsoft Visual Studio 10.0\VC\bin\CL.exe /c /ZI /nologo /W3 /WX- /Od /Oy- /D WIN32 /D _DEBUG /D _CONSOLE /D _UNICODE /D UNICODE /Gm /EHsc /RTC1 /MDd /GS /fp:precise /Zc:wchar_t /Zc:forScope /Yc"StdAfx.h" /Fp"Debug\Hello world.pch" /Fo"Debug\\" /Fd"Debug\vc100.pdb" /Gd /TP /analyze- /errorReport:prompt stdafx.cpp
         stdafx.cpp
         C:\Program Files (x86)\Microsoft Visual Studio 10.0\VC\bin\CL.exe /c /ZI /nologo /W3 /WX- /Od /Oy- /D WIN32 /D _DEBUG /D _CONSOLE /D _UNICODE /D UNICODE /Gm /EHsc /RTC1 /MDd /GS /fp:precise /Zc:wchar_t /Zc:forScope /Yu"StdAfx.h" /Fp"Debug\Hello world.pch" /Fo"Debug\\" /Fd"Debug\vc100.pdb" /Gd /TP /analyze- /errorReport:prompt "Hello world.cpp"
         Hello world.cpp
       ManifestResourceCompile:
         C:\Program Files (x86)\Microsoft SDKs\Windows\v7.0A\bin\rc.exe /nologo /fo"Debug\Hello world.exe.embed.manifest.res" "Debug\Hello world_manifest.rc" 
       Link:
         C:\Program Files (x86)\Microsoft Visual Studio 10.0\VC\bin\link.exe /ERRORREPORT:PROMPT /OUT:"c:\users\daylend\documents\visual studio 2010\Projects\Hello world\Debug\Hello world.exe" /INCREMENTAL /NOLOGO kernel32.lib user32.lib gdi32.lib winspool.lib comdlg32.lib advapi32.lib shell32.lib ole32.lib oleaut32.lib uuid.lib odbc32.lib odbccp32.lib /MANIFEST /ManifestFile:"Debug\Hello world.exe.intermediate.manifest" /MANIFESTUAC:"level='asInvoker' uiAccess='false'" /DEBUG /PDB:"c:\users\daylend\documents\visual studio 2010\Projects\Hello world\Debug\Hello world.pdb" /SUBSYSTEM:CONSOLE /TLBID:1 /DYNAMICBASE /NXCOMPAT /IMPLIB:"c:\users\daylend\documents\visual studio 2010\Projects\Hello world\Debug\Hello world.lib" /MACHINE:X86 "Debug\Hello world.exe.embed.manifest.res"
         "Debug\Hello world.obj"
         Debug\stdafx.obj
       Manifest:
         C:\Program Files (x86)\Microsoft SDKs\Windows\v7.0A\bin\mt.exe /nologo /verbose /out:"Debug\Hello world.exe.embed.manifest" /manifest "Debug\Hello world.exe.intermediate.manifest"
         C:\Program Files (x86)\Microsoft SDKs\Windows\v7.0A\bin\rc.exe /nologo /fo"Debug\Hello world.exe.embed.manifest.res" "Debug\Hello world_manifest.rc" 
       LinkEmbedManifest:
         C:\Program Files (x86)\Microsoft Visual Studio 10.0\VC\bin\link.exe /ERRORREPORT:PROMPT /OUT:"c:\users\daylend\documents\visual studio 2010\Projects\Hello world\Debug\Hello world.exe" /INCREMENTAL /NOLOGO kernel32.lib user32.lib gdi32.lib winspool.lib comdlg32.lib advapi32.lib shell32.lib ole32.lib oleaut32.lib uuid.lib odbc32.lib odbccp32.lib /MANIFEST /ManifestFile:"Debug\Hello world.exe.intermediate.manifest" /MANIFESTUAC:"level='asInvoker' uiAccess='false'" /DEBUG /PDB:"c:\users\daylend\documents\visual studio 2010\Projects\Hello world\Debug\Hello world.pdb" /SUBSYSTEM:CONSOLE /TLBID:1 /DYNAMICBASE /NXCOMPAT /IMPLIB:"c:\users\daylend\documents\visual studio 2010\Projects\Hello world\Debug\Hello world.lib" /MACHINE:X86 "Debug\Hello world.exe.embed.manifest.res"
         "Debug\Hello world.obj"
         Debug\stdafx.obj
         Hello world.vcxproj -> c:\users\daylend\documents\visual studio 2010\Projects\Hello world\Debug\Hello world.exe
       FinalizeBuildStatus:
         Deleting file "Debug\Hello world.unsuccessfulbuild".
         Touching "Debug\Hello world.lastbuildstate".
     1>Done Building Project "c:\Users\Daylend\documents\visual studio 2010\Projects\Hello world\Hello world\Hello world.vcxproj" (build target(s)).

Build succeeded.

Time Elapsed 00:01:14.37
